<?xml version="1.0" encoding="UTF-8"?>
<!-- Generated by org.testng.reporters.JUnitReportReporter -->
<testsuite hostname="krtech" failures="0" tests="3" name="test.TestParallalExecution" time="196.084" errors="0" timestamp="09 Feb 2019 15:24:10 GMT" skipped="0">
  <testcase classname="test.TestParallalExecution" name="TestCase2" time="85.501"/>
  <testcase classname="test.TestParallalExecution" name="TestCase3" time="77.001"/>
  <testcase classname="test.TestParallalExecution" name="TestCase1" time="33.582"/>
</testsuite> <!-- test.TestParallalExecution -->
