<?xml version="1.0" encoding="UTF-8"?>
<!-- Generated by org.testng.reporters.JUnitReportReporter -->
<testsuite hostname="krtech" failures="0" tests="3" name="test.SampleTest" time="0.020" errors="0" timestamp="09 Feb 2019 13:11:03 GMT" skipped="0">
  <testcase classname="test.SampleTest" name="TestCase" time="0.008"/>
  <testcase classname="test.SampleTest" name="TestCase1" time="0.008"/>
  <testcase classname="test.SampleTest" name="TestCase2" time="0.004"/>
</testsuite> <!-- test.SampleTest -->
