<?xml version="1.0" encoding="UTF-8"?>
<!-- Generated by org.testng.reporters.JUnitReportReporter -->
<testsuite hostname="krtech" failures="0" tests="2" name="test.TestGroups" time="0.018" errors="0" timestamp="09 Feb 2019 13:33:53 GMT" skipped="0">
  <testcase classname="test.TestGroups" name="TestCase2" time="0.016"/>
  <testcase classname="test.TestGroups" name="TestCase4" time="0.002"/>
</testsuite> <!-- test.TestGroups -->
