<?xml version="1.0" encoding="UTF-8"?>
<!-- Generated by org.testng.reporters.JUnitReportReporter -->
<testsuite hostname="krtech" failures="0" tests="3" name="test.TestDependency" time="0.024" errors="0" timestamp="09 Feb 2019 14:36:44 GMT" skipped="0">
  <testcase classname="test.TestDependency" name="TestCase3" time="0.003"/>
  <testcase classname="test.TestDependency" name="TestCase2" time="0.004"/>
  <testcase classname="test.TestDependency" name="TestCase1" time="0.017"/>
</testsuite> <!-- test.TestDependency -->
