<?xml version="1.0" encoding="UTF-8"?>
<!-- Generated by org.testng.reporters.JUnitReportReporter -->
<testsuite hostname="krtech" failures="0" tests="3" name="test.TestDataProvider" time="0.026" errors="0" timestamp="09 Feb 2019 14:26:14 GMT" skipped="0">
  <testcase classname="test.TestDataProvider" name="TestCase" time="0.007"/>
  <testcase classname="test.TestDataProvider" name="TestCase" time="0.003"/>
  <testcase classname="test.TestDataProvider" name="TestCase" time="0.016"/>
</testsuite> <!-- test.TestDataProvider -->
