<?xml version="1.0" encoding="UTF-8"?>
<!-- Generated by org.testng.reporters.JUnitReportReporter -->
<testsuite hostname="krtech" failures="0" tests="1" name="test.TestParameterization" time="0.019" errors="0" timestamp="09 Feb 2019 14:10:11 GMT" skipped="0">
  <testcase classname="test.TestParameterization" name="TestCase1" time="0.019"/>
</testsuite> <!-- test.TestParameterization -->
