<?xml version="1.0" encoding="UTF-8"?>
<!-- Generated by org.testng.reporters.JUnitReportReporter -->
<testsuite hostname="krtech" failures="0" tests="3" name="test.TestPriority" time="0.024" errors="0" timestamp="09 Feb 2019 13:22:47 GMT" skipped="0">
  <testcase classname="test.TestPriority" name="TestCase2" time="0.008"/>
  <testcase classname="test.TestPriority" name="TestCase3" time="0.002"/>
  <testcase classname="test.TestPriority" name="TestCase1" time="0.014"/>
</testsuite> <!-- test.TestPriority -->
