<?xml version="1.0" encoding="UTF-8"?>
<!-- Generated by org.testng.reporters.JUnitReportReporter -->
<testsuite skipped="0" hostname="krtech" name="grid.GridTest" tests="2" failures="0" timestamp="17 Feb 2019 12:58:01 GMT" time="18.948" errors="0">
  <testcase name="TestCase2" time="8.347" classname="grid.GridTest"/>
  <testcase name="TestCase1" time="10.601" classname="grid.GridTest"/>
</testsuite> <!-- grid.GridTest -->
